2018-02-01 01:44:55 INFO     MAIN :: Backing up database before upgrade
2018-02-01 01:44:55 INFO     MAIN :: Proceeding with upgrade
2018-02-01 01:44:55 INFO     MAIN :: Add minor version numbers to database
2018-02-01 01:44:55 INFO     MAIN :: Updated to: 43.1
2018-02-01 01:44:55 INFO     MAIN :: Backing up database before upgrade
2018-02-01 01:44:55 INFO     MAIN :: Proceeding with upgrade
2018-02-01 01:44:55 INFO     MAIN :: Starting SickRage [master] using '/config/config.ini'
2018-02-01 01:44:55 INFO     MAIN :: Generating New API key
2018-02-01 01:44:55 INFO     TORNADO :: Starting SickRage on http://0.0.0.0:8081/
2018-02-01 01:44:55 INFO     CHECKVERSION :: Checking for updates using GIT
2018-02-01 01:44:55 INFO     MAIN :: Checking for scene exception updates from http://sickrage.github.io/scene_exceptions/scene_exceptions.json
2018-02-01 01:44:55 INFO     MAIN :: Checking for XEM scene exception updates for theTVDB
2018-02-01 01:44:56 INFO     MAIN :: Checking for scene exception updates for AniDB
2018-02-01 01:54:55 INFO     DAILYSEARCHER :: Searching for new released episodes ...
2018-02-01 01:54:55 INFO     DAILYSEARCHER :: No new released episodes found ...
2018-02-01 01:55:00 INFO     SEARCHQUEUE-DAILY-SEARCH :: Beginning daily search for new episodes
2018-02-01 01:55:00 INFO     SEARCHQUEUE-DAILY-SEARCH :: No episodes needed.
2018-02-01 01:55:00 INFO     SEARCHQUEUE-DAILY-SEARCH :: No needed episodes found
2018-02-01 02:02:52 INFO     Thread-16 :: Starting SUBTITLESFINDER thread
2018-02-01 02:02:52 INFO     FINDSUBTITLES :: Checking for missed subtitles
2018-02-01 02:02:52 INFO     FINDSUBTITLES :: No subtitles to download
2018-02-01 02:10:14 INFO     Thread-14 :: Changed TV download folder to /tv
2018-02-01 02:10:14 INFO     Thread-14 :: Starting POSTPROCESSOR thread
2018-02-01 02:10:14 INFO     POSTPROCESSOR :: Auto post processing task for /tv was added to the queue
2018-02-01 02:10:17 INFO     POSTPROCESSOR-AUTO :: Beginning auto post processing task: /tv
2018-02-01 02:10:17 INFO     POSTPROCESSOR-AUTO :: Processing /tv
2018-02-01 02:10:17 INFO     POSTPROCESSOR-AUTO :: Successfully processed
2018-02-01 02:10:17 INFO     POSTPROCESSOR-AUTO :: Auto post processing task for /tv completed
2018-02-01 02:12:55 INFO     Thread-17 :: Changed TV download folder to /downloads/complete
2018-02-01 02:13:35 ERROR    Thread-16 :: [5bc5c3a] Unable to create the folder /tv/Oddbods, can't add the show
None
2018-02-01 02:15:57 ERROR    Thread-16 :: [5bc5c3a] Unable to create the folder /tv/Oddbods, can't add the show
None
2018-02-01 02:19:12 INFO     SHOWQUEUE-ADD :: Starting to add show by ShowDir: /tv/Oddbods
2018-02-01 02:19:12 INFO     SHOWQUEUE-ADD :: theTVDB: {u'useZip': True, u'apikey': u'F9C450E78D99172E', u'cache': u'/config/cache/indexers/theTVDB', u'language': 'en'}
2018-02-01 02:19:13 INFO     SHOWQUEUE-ADD :: 318468: Unable to find the show in the database
2018-02-01 02:19:14 INFO     SHOWQUEUE-ADD :: Setting all episodes to the specified default status: 5
2018-02-01 02:19:21 INFO     SHOWQUEUE-ADD :: This episode Oddbods - S02E61 has no name on theTVDB. Setting to an empty string
2018-02-01 02:19:21 INFO     SHOWQUEUE-ADD :: This episode Oddbods - S02E62 has no name on theTVDB. Setting to an empty string
2018-02-01 02:19:21 INFO     SHOWQUEUE-ADD :: 318468: Updating NFOs for show with new indexer info
2018-02-01 02:19:23 INFO     SHOWQUEUE-ADD :: Could not find any poster images on Fanart.tv for Oddbods
2018-02-01 02:19:25 INFO     SHOWQUEUE-ADD :: Could not find any poster images on TMDB for Oddbods
2018-02-01 02:19:28 INFO     SHOWQUEUE-ADD :: Could not find any poster_thumb images on Fanart.tv for Oddbods
2018-02-01 02:19:33 INFO     SHOWQUEUE-ADD :: Could not find any poster_thumb images on TMDB for Oddbods
2018-02-01 02:19:37 INFO     SHOWQUEUE-ADD :: Done cache check
2018-02-01 02:20:15 INFO     POSTPROCESSOR :: Auto post processing task for /downloads/complete was added to the queue
2018-02-01 02:20:17 INFO     POSTPROCESSOR-AUTO :: Beginning auto post processing task: /downloads/complete
2018-02-01 02:20:17 INFO     POSTPROCESSOR-AUTO :: Processing /downloads/complete
2018-02-01 02:20:17 INFO     POSTPROCESSOR-AUTO :: Successfully processed
2018-02-01 02:20:17 INFO     POSTPROCESSOR-AUTO :: Auto post processing task for /downloads/complete completed
2018-02-01 02:22:22 INFO     SEARCHQUEUE-MANUAL-318468 :: Beginning manual search for: [Oddbods - S01E01 - Marrow Victory]
2018-02-01 02:22:37 INFO     SEARCHQUEUE-MANUAL-318468 :: [Cpasbien] :: Request failed: 503 Server Error: Service Temporarily Unavailable for url: http://www.cpabien.bz/
2018-02-01 02:22:38 INFO     SEARCHQUEUE-MANUAL-318468 :: [TorrentProject] :: Request failed: 503 Server Error: Service Temporarily Unavailable for url: https://torrentproject.se/?filter=2101&s=0day&showmagnets=on&num=50&out=json
2018-02-01 02:22:56 INFO     SEARCHQUEUE-MANUAL-318468 :: [ThePirateBay] :: Request failed: HTTPSConnectionPool(host='thepiratebay.org', port=443): Max retries exceeded with url: /browse/208/0/4/0 (Caused by NewConnectionError('<urllib3.connection.VerifiedHTTPSConnection object at 0x7f617df8fd10>: Failed to establish a new connection: [Errno -2] Name does not resolve',))
2018-02-01 02:22:56 INFO     SEARCHQUEUE-MANUAL-318468 :: [ThePirateBay] :: Request failed: HTTPSConnectionPool(host='thepiratebay.org', port=443): Max retries exceeded with url: /browse/205/0/4/0 (Caused by NewConnectionError('<urllib3.connection.VerifiedHTTPSConnection object at 0x7f617df8fc90>: Failed to establish a new connection: [Errno -2] Name does not resolve',))
2018-02-01 02:22:56 INFO     SEARCHQUEUE-MANUAL-318468 :: [Torrent9] :: Request failed: 503 Server Error: Service Temporarily Unavailable for url: http://www.torrent9.bz/torrents_series.html
2018-02-01 02:22:56 INFO     SEARCHQUEUE-MANUAL-318468 :: [SkyTorrents] :: Performing episode search for Oddbods
2018-02-01 02:22:58 INFO     SEARCHQUEUE-MANUAL-318468 :: [Rarbg] :: Performing episode search for Oddbods
2018-02-01 02:23:01 INFO     SEARCHQUEUE-MANUAL-318468 :: [Torrentz] :: Performing episode search for Oddbods
2018-02-01 02:23:01 INFO     SEARCHQUEUE-MANUAL-318468 :: [Cpasbien] :: Performing episode search for Oddbods
2018-02-01 02:23:02 INFO     SEARCHQUEUE-MANUAL-318468 :: [Cpasbien] :: Request failed: 503 Server Error: Service Temporarily Unavailable for url: http://www.cpabien.bz/
2018-02-01 02:23:02 INFO     SEARCHQUEUE-MANUAL-318468 :: [TorrentProject] :: Performing episode search for Oddbods
2018-02-01 02:23:03 INFO     SEARCHQUEUE-MANUAL-318468 :: [TorrentProject] :: Request failed: 503 Server Error: Service Temporarily Unavailable for url: https://torrentproject.se/?filter=2101&s=Oddbods+S01E01&showmagnets=on&num=50&out=json
2018-02-01 02:23:03 INFO     SEARCHQUEUE-MANUAL-318468 :: [ilCorsaroNero] :: Performing episode search for Oddbods
2018-02-01 02:23:33 INFO     SEARCHQUEUE-MANUAL-318468 :: [ilCorsaroNero] :: Request failed: HTTPSConnectionPool(host='ilcorsaronero.info', port=443): Max retries exceeded with url: /advsearch.php?search=Oddbods%20S01E01&order=data&by=DESC&page=0&category=15,5,1,20,19 (Caused by ConnectTimeoutError(<urllib3.connection.VerifiedHTTPSConnection object at 0x7f617dcc42d0>, 'Connection to ilcorsaronero.info timed out. (connect timeout=30)'))
2018-02-01 02:24:03 INFO     SEARCHQUEUE-MANUAL-318468 :: [ilCorsaroNero] :: Request failed: HTTPSConnectionPool(host='ilcorsaronero.info', port=443): Max retries exceeded with url: /advsearch.php?search=Oddbods%20S01E01&order=data&by=DESC&page=1&category=15,5,1,20,19 (Caused by ConnectTimeoutError(<urllib3.connection.VerifiedHTTPSConnection object at 0x7f617dcc4f50>, 'Connection to ilcorsaronero.info timed out. (connect timeout=30)'))
2018-02-01 02:24:33 INFO     SEARCHQUEUE-MANUAL-318468 :: [ilCorsaroNero] :: Request failed: HTTPSConnectionPool(host='ilcorsaronero.info', port=443): Max retries exceeded with url: /advsearch.php?search=Oddbods%20S01E01&order=data&by=DESC&page=2&category=15,5,1,20,19 (Caused by ConnectTimeoutError(<urllib3.connection.VerifiedHTTPSConnection object at 0x7f617df9af90>, 'Connection to ilcorsaronero.info timed out. (connect timeout=30)'))
2018-02-01 02:24:48 INFO     SHOWQUEUE-ADD :: Starting to add show by ShowDir: /tv/Game of Thrones
2018-02-01 02:24:48 INFO     SHOWQUEUE-ADD :: theTVDB: {u'useZip': True, u'apikey': u'F9C450E78D99172E', u'cache': u'/config/cache/indexers/theTVDB', u'language': 'en'}
2018-02-01 02:24:49 INFO     SHOWQUEUE-ADD :: 121361: Unable to find the show in the database
2018-02-01 02:24:49 INFO     SHOWQUEUE-ADD :: Setting all episodes to the specified default status: 5
2018-02-01 02:25:03 INFO     SEARCHQUEUE-MANUAL-318468 :: [ilCorsaroNero] :: Request failed: HTTPSConnectionPool(host='ilcorsaronero.info', port=443): Max retries exceeded with url: /advsearch.php?search=Oddbods%20S01E01&order=data&by=DESC&page=3&category=15,5,1,20,19 (Caused by ConnectTimeoutError(<urllib3.connection.VerifiedHTTPSConnection object at 0x7f617e0c6850>, 'Connection to ilcorsaronero.info timed out. (connect timeout=30)'))
2018-02-01 02:25:09 INFO     SHOWQUEUE-ADD :: Launching backlog for this show since its episodes are WANTED
2018-02-01 02:25:09 INFO     SHOWQUEUE-ADD :: 121361: Updating NFOs for show with new indexer info
2018-02-01 02:25:13 INFO     SHOWQUEUE-ADD :: Done cache check
2018-02-01 02:25:18 INFO     SHOWQUEUE-REMOVE-SHOW :: Removing Oddbods
2018-02-01 02:25:18 INFO     SHOWQUEUE-REMOVE-SHOW :: Attempt to delete cache file /config/cache/images/318468.fanart.jpg
2018-02-01 02:25:18 INFO     SHOWQUEUE-REMOVE-SHOW :: Attempt to delete cache file /config/cache/images/318468.banner.jpg
2018-02-01 02:25:18 INFO     SHOWQUEUE-REMOVE-SHOW :: Attempt to delete show folder /tv/Oddbods
2018-02-01 02:25:18 INFO     SHOWQUEUE-REMOVE-SHOW :: Deleted show folder /tv/Oddbods
2018-02-01 02:25:19 WARNING  Thread-15 :: No Show Object found for show with indexerID: 318468
2018-02-01 02:25:25 WARNING  Thread-15 :: No Show Object found for show with indexerID: 318468
2018-02-01 02:25:30 WARNING  Thread-17 :: No Show Object found for show with indexerID: 318468
2018-02-01 02:25:33 INFO     SEARCHQUEUE-MANUAL-318468 :: [ilCorsaroNero] :: Request failed: HTTPSConnectionPool(host='ilcorsaronero.info', port=443): Max retries exceeded with url: /advsearch.php?search=Oddbods%20S01E01&order=data&by=DESC&page=4&category=15,5,1,20,19 (Caused by ConnectTimeoutError(<urllib3.connection.VerifiedHTTPSConnection object at 0x7f617dcc42d0>, 'Connection to ilcorsaronero.info timed out. (connect timeout=30)'))
2018-02-01 02:25:35 WARNING  Thread-14 :: No Show Object found for show with indexerID: 318468
2018-02-01 02:25:40 WARNING  Thread-16 :: No Show Object found for show with indexerID: 318468
2018-02-01 02:25:46 WARNING  Thread-15 :: No Show Object found for show with indexerID: 318468
2018-02-01 02:25:51 WARNING  Thread-14 :: No Show Object found for show with indexerID: 318468
2018-02-01 02:25:56 WARNING  Thread-16 :: No Show Object found for show with indexerID: 318468
2018-02-01 02:26:02 WARNING  Thread-15 :: No Show Object found for show with indexerID: 318468
2018-02-01 02:26:03 INFO     SEARCHQUEUE-MANUAL-318468 :: [ilCorsaroNero] :: Request failed: HTTPSConnectionPool(host='ilcorsaronero.info', port=443): Max retries exceeded with url: /advsearch.php?search=Oddbods%20S01E01&order=data&by=DESC&page=5&category=15,5,1,20,19 (Caused by ConnectTimeoutError(<urllib3.connection.VerifiedHTTPSConnection object at 0x7f617dcc42d0>, 'Connection to ilcorsaronero.info timed out. (connect timeout=30)'))
2018-02-01 02:26:07 WARNING  Thread-17 :: No Show Object found for show with indexerID: 318468
2018-02-01 02:26:12 WARNING  Thread-16 :: No Show Object found for show with indexerID: 318468
2018-02-01 02:26:17 WARNING  Thread-15 :: No Show Object found for show with indexerID: 318468
2018-02-01 02:26:22 WARNING  Thread-17 :: No Show Object found for show with indexerID: 318468
2018-02-01 02:26:28 WARNING  Thread-16 :: No Show Object found for show with indexerID: 318468
2018-02-01 02:26:33 INFO     SEARCHQUEUE-MANUAL-318468 :: [ilCorsaroNero] :: Request failed: HTTPSConnectionPool(host='ilcorsaronero.info', port=443): Max retries exceeded with url: /advsearch.php?search=Oddbods%20S01E01&order=data&by=DESC&page=6&category=15,5,1,20,19 (Caused by ConnectTimeoutError(<urllib3.connection.VerifiedHTTPSConnection object at 0x7f617dcc42d0>, 'Connection to ilcorsaronero.info timed out. (connect timeout=30)'))
2018-02-01 02:26:33 WARNING  Thread-16 :: No Show Object found for show with indexerID: 318468
2018-02-01 02:26:35 WARNING  Thread-16 :: No Show Object found for show with indexerID: 318468
2018-02-01 02:26:38 INFO     SHOWQUEUE-REFRESH :: Performing refresh on Game of Thrones
2018-02-01 02:26:41 WARNING  Thread-16 :: No Show Object found for show with indexerID: 318468
2018-02-01 02:26:46 WARNING  Thread-17 :: No Show Object found for show with indexerID: 318468
2018-02-01 02:26:51 WARNING  Thread-14 :: No Show Object found for show with indexerID: 318468
2018-02-01 02:26:56 WARNING  Thread-16 :: No Show Object found for show with indexerID: 318468
2018-02-01 02:27:03 INFO     SEARCHQUEUE-MANUAL-318468 :: [ilCorsaroNero] :: Request failed: HTTPSConnectionPool(host='ilcorsaronero.info', port=443): Max retries exceeded with url: /advsearch.php?search=Oddbods%20S01E01&order=data&by=DESC&page=7&category=15,5,1,20,19 (Caused by ConnectTimeoutError(<urllib3.connection.VerifiedHTTPSConnection object at 0x7f617e122ed0>, 'Connection to ilcorsaronero.info timed out. (connect timeout=30)'))
2018-02-01 02:27:09 WARNING  Thread-14 :: No Show Object found for show with indexerID: 318468
2018-02-01 02:27:15 WARNING  Thread-14 :: No Show Object found for show with indexerID: 318468
2018-02-01 02:27:20 WARNING  Thread-14 :: No Show Object found for show with indexerID: 318468
2018-02-01 02:27:25 WARNING  Thread-16 :: No Show Object found for show with indexerID: 318468
2018-02-01 02:27:31 WARNING  Thread-17 :: No Show Object found for show with indexerID: 318468
2018-02-01 02:27:33 INFO     SEARCHQUEUE-MANUAL-318468 :: [ilCorsaroNero] :: Request failed: HTTPSConnectionPool(host='ilcorsaronero.info', port=443): Max retries exceeded with url: /advsearch.php?search=Oddbods%20S01E01&order=data&by=DESC&page=8&category=15,5,1,20,19 (Caused by ConnectTimeoutError(<urllib3.connection.VerifiedHTTPSConnection object at 0x7f617e122a10>, 'Connection to ilcorsaronero.info timed out. (connect timeout=30)'))
2018-02-01 02:27:36 WARNING  Thread-14 :: No Show Object found for show with indexerID: 318468
2018-02-01 02:27:42 WARNING  Thread-16 :: No Show Object found for show with indexerID: 318468
2018-02-01 02:27:47 WARNING  Thread-17 :: No Show Object found for show with indexerID: 318468
2018-02-01 02:27:53 WARNING  Thread-14 :: No Show Object found for show with indexerID: 318468
2018-02-01 02:27:59 WARNING  Thread-16 :: No Show Object found for show with indexerID: 318468
2018-02-01 02:28:03 INFO     SEARCHQUEUE-MANUAL-318468 :: [ilCorsaroNero] :: Request failed: HTTPSConnectionPool(host='ilcorsaronero.info', port=443): Max retries exceeded with url: /advsearch.php?search=Oddbods%20S01E01&order=data&by=DESC&page=9&category=15,5,1,20,19 (Caused by ConnectTimeoutError(<urllib3.connection.VerifiedHTTPSConnection object at 0x7f617e122a10>, 'Connection to ilcorsaronero.info timed out. (connect timeout=30)'))
2018-02-01 02:28:03 INFO     SEARCHQUEUE-MANUAL-318468 :: [LimeTorrents] :: Performing episode search for Oddbods
2018-02-01 02:28:04 WARNING  Thread-15 :: No Show Object found for show with indexerID: 318468
2018-02-01 02:28:08 INFO     SEARCHQUEUE-MANUAL-318468 :: [ThePirateBay] :: Performing episode search for Oddbods
2018-02-01 02:28:10 WARNING  Thread-16 :: No Show Object found for show with indexerID: 318468
2018-02-01 02:28:10 INFO     SEARCHQUEUE-MANUAL-318468 :: [Torrent9] :: Performing episode search for Oddbods
2018-02-01 02:28:11 INFO     SEARCHQUEUE-MANUAL-318468 :: [Torrent9] :: Request failed: 503 Server Error: Service Temporarily Unavailable for url: http://www.torrent9.bz/search_torrent/Oddbods-S01E01.html
2018-02-01 02:28:11 INFO     SEARCHQUEUE-MANUAL-318468 :: Unable to find a download for: [Oddbods - S01E01 - Marrow Victory]
2018-02-01 02:28:13 INFO     SEARCHQUEUE-MANUAL-121361 :: Beginning manual search for: [Game of Thrones - S01E01 - Winter Is Coming]
2018-02-01 02:28:13 INFO     SEARCHQUEUE-MANUAL-121361 :: [SkyTorrents] :: Performing episode search for Game of Thrones
2018-02-01 02:28:16 INFO     SEARCHQUEUE-MANUAL-121361 :: [SkyTorrents] :: Quality of Game.of.Thrones.S01E01.BRRip.XviD.B4ND1T69 is SD DVD
2018-02-01 02:28:16 INFO     SEARCHQUEUE-MANUAL-121361 :: [SkyTorrents] :: Quality of game.of.thrones.s01e01.bdrip.xvid-reward.srt is SD DVD
2018-02-01 02:28:16 INFO     SEARCHQUEUE-MANUAL-121361 :: [SkyTorrents] :: Quality of Game.of.Thrones.S01E01.FRENCH.LD.HDTV.XviD-JMT is SDTV
2018-02-01 02:28:16 INFO     SEARCHQUEUE-MANUAL-121361 :: [SkyTorrents] :: Release: Game.of.Thrones.S01E01.FRENCH.LD.HDTV.XviD-JMT contains french, ignoring it
2018-02-01 02:28:16 INFO     SEARCHQUEUE-MANUAL-121361 :: [SkyTorrents] :: Quality of Game.of.Thrones.S01E01.HDTV.XviD-FEVER.avi is SDTV
2018-02-01 02:28:16 INFO     SEARCHQUEUE-MANUAL-121361 :: [SkyTorrents] :: Quality of Game.of.Thrones.S01E01.HDTV.VOSTFR.Gillop.avi is SDTV
2018-02-01 02:28:16 INFO     SEARCHQUEUE-MANUAL-121361 :: [SkyTorrents] :: Quality of Game.of.Thrones.S01E01.HDTV.XviD-FEVER is SDTV
2018-02-01 02:28:16 INFO     SEARCHQUEUE-MANUAL-121361 :: [SkyTorrents] :: Quality of Game.of.Thrones.S01E01.HDTV.XviD-FEVER.avi is SDTV
2018-02-01 02:28:16 INFO     SEARCHQUEUE-MANUAL-121361 :: [SkyTorrents] :: Quality of Game.of.Thrones.S01E01.SweSub.HDTV.XviD-B2B4U is SDTV
2018-02-01 02:28:16 INFO     SEARCHQUEUE-MANUAL-121361 :: [SkyTorrents] :: Quality of Game.of.Thrones.S01E01.HDTV.XviD.DutchReleaseTeam is SDTV
2018-02-01 02:28:16 INFO     SEARCHQUEUE-MANUAL-121361 :: [SkyTorrents] :: Quality of Game.Of.Thrones.S01E01.PROPER.VOSTFR.HDTV.XviD-PTN.avi is SDTV
2018-02-01 02:28:16 INFO     SEARCHQUEUE-MANUAL-121361 :: [SkyTorrents] :: Quality of game.of.thrones.s01e01.hdtv.xvid-fever.avi is SDTV
2018-02-01 02:28:16 INFO     SEARCHQUEUE-MANUAL-121361 :: [SkyTorrents] :: Quality of Game.of.Thrones.S01E01.HDTV.VOSTFR.Gillop.avi is SDTV
2018-02-01 02:28:16 INFO     SEARCHQUEUE-MANUAL-121361 :: [SkyTorrents] :: Quality of Game.of.Thrones.S01E01.HDTV.XviD-FEVER is SDTV
2018-02-01 02:28:16 INFO     SEARCHQUEUE-MANUAL-121361 :: [SkyTorrents] :: Quality of Game.of.Thrones.S01E01.HDTV.XviD-BANmeIFyouCAN is SDTV
2018-02-01 02:28:16 INFO     SEARCHQUEUE-MANUAL-121361 :: [SkyTorrents] :: Quality of Game_of_Thrones_S01E01_HDTV_XviD-FEVER.srt is SDTV
2018-02-01 02:28:16 INFO     SEARCHQUEUE-MANUAL-121361 :: Downloading Game.of.Thrones.S01E01.BRRip.XviD.B4ND1T69 from SkyTorrents
2018-02-01 02:28:18 INFO     SEARCHQUEUE-MANUAL-121361 :: Beginning manual search for: [Game of Thrones - S07E07 - The Dragon and the Wolf]
2018-02-01 02:28:18 INFO     SEARCHQUEUE-MANUAL-121361 :: [SkyTorrents] :: Performing episode search for Game of Thrones
2018-02-01 02:28:20 INFO     SEARCHQUEUE-MANUAL-121361 :: [SkyTorrents] :: Quality of Game.of.Thrones.S07E07.The.Dragon.and.the.Wolf.AMZN.WEBRip.DDP2.0.x264-GoT[rarbg is SDTV
2018-02-01 02:28:20 INFO     SEARCHQUEUE-MANUAL-121361 :: [SkyTorrents] :: Quality of Game.of.Thrones.S07E07.HDTV.x264-UAV[eztv.mkv is SDTV
2018-02-01 02:28:20 INFO     SEARCHQUEUE-MANUAL-121361 :: [SkyTorrents] :: Quality of Game.of.Thrones.S07E07.WEB.H264-STRiFE[ettv is SDTV
2018-02-01 02:28:20 INFO     SEARCHQUEUE-MANUAL-121361 :: [SkyTorrents] :: Quality of Game.of.Thrones.S07E07.WEBRip.x264-RARBG is SDTV
2018-02-01 02:28:20 INFO     SEARCHQUEUE-MANUAL-121361 :: [SkyTorrents] :: Quality of Game.of.Thrones.S07E07.WEB.H264-STRiFE[rarbg is SDTV
2018-02-01 02:28:20 INFO     SEARCHQUEUE-MANUAL-121361 :: [SkyTorrents] :: Quality of Game.of.Thrones.S07E07.The.Dragon.and.the.Wolf.AMZN.WEB-DL.DDP2.0.H.264-GoT[ettv is SDTV
2018-02-01 02:28:20 INFO     SEARCHQUEUE-MANUAL-121361 :: [SkyTorrents] :: Quality of Game.of.Thrones.S07E07.HDTV.x264-KILLERS.mkv is SDTV
2018-02-01 02:28:20 INFO     SEARCHQUEUE-MANUAL-121361 :: [SkyTorrents] :: Quality of Game.of.Thrones.S07E07.WEB.H264-STRiFE is SDTV
2018-02-01 02:28:20 INFO     SEARCHQUEUE-MANUAL-121361 :: [SkyTorrents] :: Quality of Game.of.Thrones.S07E07.HDTV.x264-UAV[rarbg is SDTV
2018-02-01 02:28:20 INFO     SEARCHQUEUE-MANUAL-121361 :: Downloading Game.of.Thrones.S07E07.The.Dragon.and.the.Wolf.AMZN.WEBRip.DDP2.0.x264-GoT[rarbg from SkyTorrents
2018-02-01 02:28:23 INFO     SEARCHQUEUE-BACKLOG-121361 :: Beginning backlog search for: [Game of Thrones]
2018-02-01 02:28:23 INFO     SEARCHQUEUE-BACKLOG-121361 :: [SkyTorrents] :: Performing episode search for Game of Thrones
2018-02-01 02:28:24 INFO     SEARCHQUEUE-BACKLOG-121361 :: [SkyTorrents] :: Request failed: 429 Client Error: Too Many Requests for url: https://www.skytorrents.in/rss/all/ed/1/Game%20of%20Thrones%20S01E02
2018-02-01 02:28:24 INFO     SEARCHQUEUE-BACKLOG-121361 :: [SkyTorrents] :: Request failed: 429 Client Error: Too Many Requests for url: https://www.skytorrents.in/rss/all/ed/1/Game%20of%20Thrones%20S01E03
2018-02-01 02:28:24 INFO     SEARCHQUEUE-BACKLOG-121361 :: [SkyTorrents] :: Request failed: 429 Client Error: Too Many Requests for url: https://www.skytorrents.in/rss/all/ed/1/Game%20of%20Thrones%20S01E04
2018-02-01 02:28:25 INFO     SEARCHQUEUE-BACKLOG-121361 :: [SkyTorrents] :: Request failed: 429 Client Error: Too Many Requests for url: https://www.skytorrents.in/rss/all/ed/1/Game%20of%20Thrones%20S01E05
2018-02-01 02:28:25 INFO     SEARCHQUEUE-BACKLOG-121361 :: [SkyTorrents] :: Request failed: 429 Client Error: Too Many Requests for url: https://www.skytorrents.in/rss/all/ed/1/Game%20of%20Thrones%20S01E06
2018-02-01 02:28:25 INFO     SEARCHQUEUE-BACKLOG-121361 :: [SkyTorrents] :: Request failed: 429 Client Error: Too Many Requests for url: https://www.skytorrents.in/rss/all/ed/1/Game%20of%20Thrones%20S01E07
2018-02-01 02:28:25 INFO     SEARCHQUEUE-BACKLOG-121361 :: [SkyTorrents] :: Request failed: 429 Client Error: Too Many Requests for url: https://www.skytorrents.in/rss/all/ed/1/Game%20of%20Thrones%20S01E08
2018-02-01 02:28:26 INFO     SEARCHQUEUE-BACKLOG-121361 :: [SkyTorrents] :: Request failed: 429 Client Error: Too Many Requests for url: https://www.skytorrents.in/rss/all/ed/1/Game%20of%20Thrones%20S01E09
2018-02-01 02:28:27 INFO     SEARCHQUEUE-BACKLOG-121361 :: [SkyTorrents] :: Quality of Game.of.Thrones.S01E10.BRRip.XviD.B4ND1T69 is SD DVD
2018-02-01 02:28:27 INFO     SEARCHQUEUE-BACKLOG-121361 :: [SkyTorrents] :: Quality of Game.of.Thrones.S01E10.DVDRip.XviD-REWARD.avi is SD DVD
2018-02-01 02:28:27 INFO     SEARCHQUEUE-BACKLOG-121361 :: [SkyTorrents] :: Quality of Game.of.Thrones.S01E10.FiNAL.FRENCH.LD.HDTV.XviD-JMT is SDTV
2018-02-01 02:28:27 INFO     SEARCHQUEUE-BACKLOG-121361 :: [SkyTorrents] :: Release: Game.of.Thrones.S01E10.FiNAL.FRENCH.LD.HDTV.XviD-JMT contains french, ignoring it
2018-02-01 02:28:27 INFO     SEARCHQUEUE-BACKLOG-121361 :: [SkyTorrents] :: Quality of Game.of.Thrones.S01E10.HDTV.VOSTFR.Gillop.avi is SDTV
2018-02-01 02:28:27 INFO     SEARCHQUEUE-BACKLOG-121361 :: [SkyTorrents] :: Quality of Game.of.Thrones.S01E10.Fire.and.Blood.HDTV.XviD-FQM.avi is SDTV
2018-02-01 02:28:27 INFO     SEARCHQUEUE-BACKLOG-121361 :: [SkyTorrents] :: Quality of game.of.thrones.s01e10.hdtv.xvid-fqm.avi is SDTV
2018-02-01 02:28:27 INFO     SEARCHQUEUE-BACKLOG-121361 :: [SkyTorrents] :: Quality of Game.of.Thrones.S01E10.HDTV.Subtitulado.Esp.SC.avi is SDTV
2018-02-01 02:28:27 INFO     SEARCHQUEUE-BACKLOG-121361 :: [SkyTorrents] :: Quality of Game.of.Thrones.S01E10.SWESUB.HDTV.XviD-Dreamseed.nu is SDTV
2018-02-01 02:28:27 INFO     SEARCHQUEUE-BACKLOG-121361 :: [SkyTorrents] :: Quality of game.of.thrones.s01e10.hdtv.xvid-fqm.avi is SDTV
2018-02-01 02:28:27 INFO     SEARCHQUEUE-BACKLOG-121361 :: [SkyTorrents] :: Quality of Game.Of.Thrones.S01E10.SWESUB.HDTV.XviD-SD.avi is SDTV
2018-02-01 02:28:27 INFO     SEARCHQUEUE-BACKLOG-121361 :: [SkyTorrents] :: Quality of Game.of.Thrones.S01E10.hdtv.xvid-fqm.mp4 is SDTV
2018-02-01 02:28:27 INFO     SEARCHQUEUE-BACKLOG-121361 :: [SkyTorrents] :: Quality of Game.of.Thrones.S01E10.HDTV.XviD-.FQM.[eztv is SDTV
2018-02-01 02:28:27 INFO     SEARCHQUEUE-BACKLOG-121361 :: [SkyTorrents] :: Quality of Game.of.Thrones.S01E10.HDTV.XviD-Eng.Sub_Ita-[IDN_CREW is SDTV
2018-02-01 02:28:27 INFO     SEARCHQUEUE-BACKLOG-121361 :: [SkyTorrents] :: Quality of Game.of.Thrones.S01E10.Fire.and.Blood.HDTV.XviD-FQM is SDTV
2018-02-01 02:28:27 INFO     SEARCHQUEUE-BACKLOG-121361 :: [Rarbg] :: Performing episode search for Game of Thrones
2018-02-01 02:28:52 INFO     SEARCHQUEUE-BACKLOG-121361 :: [Torrentz] :: Performing episode search for Game of Thrones
2018-02-01 02:28:58 INFO     SEARCHQUEUE-BACKLOG-121361 :: [Torrentz] :: Quality of Game.of.Thrones.S01E09.HDTV.XviD-FQM.(HR-Sub.).avi is SDTV
2018-02-01 02:28:58 INFO     SEARCHQUEUE-BACKLOG-121361 :: [Cpasbien] :: Performing episode search for Game of Thrones
2018-02-01 02:29:00 INFO     SEARCHQUEUE-BACKLOG-121361 :: [Cpasbien] :: Request failed: 503 Server Error: Service Temporarily Unavailable for url: http://www.cpabien.bz/
2018-02-01 02:29:00 INFO     SEARCHQUEUE-BACKLOG-121361 :: [Cpasbien] :: Request failed: 503 Server Error: Service Temporarily Unavailable for url: http://www.cpabien.bz/
2018-02-01 02:29:01 INFO     SEARCHQUEUE-BACKLOG-121361 :: [Cpasbien] :: Request failed: 503 Server Error: Service Temporarily Unavailable for url: http://www.cpabien.bz/
2018-02-01 02:29:01 INFO     SEARCHQUEUE-BACKLOG-121361 :: [Cpasbien] :: Request failed: 503 Server Error: Service Temporarily Unavailable for url: http://www.cpabien.bz/
2018-02-01 02:29:02 INFO     SEARCHQUEUE-BACKLOG-121361 :: [Cpasbien] :: Request failed: 503 Server Error: Service Temporarily Unavailable for url: http://www.cpabien.bz/
2018-02-01 02:29:03 INFO     SEARCHQUEUE-BACKLOG-121361 :: [Cpasbien] :: Request failed: 503 Server Error: Service Temporarily Unavailable for url: http://www.cpabien.bz/
2018-02-01 02:29:04 INFO     SEARCHQUEUE-BACKLOG-121361 :: [Cpasbien] :: Request failed: 503 Server Error: Service Temporarily Unavailable for url: http://www.cpabien.bz/
2018-02-01 02:29:04 INFO     SEARCHQUEUE-BACKLOG-121361 :: [Cpasbien] :: Request failed: 503 Server Error: Service Temporarily Unavailable for url: http://www.cpabien.bz/
2018-02-01 02:29:05 INFO     SEARCHQUEUE-BACKLOG-121361 :: [Cpasbien] :: Request failed: 503 Server Error: Service Temporarily Unavailable for url: http://www.cpabien.bz/
2018-02-01 02:29:05 INFO     SEARCHQUEUE-BACKLOG-121361 :: [Cpasbien] :: Request failed: 503 Server Error: Service Temporarily Unavailable for url: http://www.cpabien.bz/
2018-02-01 02:29:05 INFO     SEARCHQUEUE-BACKLOG-121361 :: [TorrentProject] :: Performing episode search for Game of Thrones
2018-02-01 02:29:06 INFO     SEARCHQUEUE-BACKLOG-121361 :: [TorrentProject] :: Request failed: 503 Server Error: Service Temporarily Unavailable for url: https://torrentproject.se/?filter=2101&s=Game+of+Thrones+S01E01&showmagnets=on&num=50&out=json
2018-02-01 02:29:06 INFO     SEARCHQUEUE-BACKLOG-121361 :: [TorrentProject] :: Request failed: 503 Server Error: Service Temporarily Unavailable for url: https://torrentproject.se/?filter=2101&s=Game+of+Thrones+S01E02&showmagnets=on&num=50&out=json
2018-02-01 02:29:07 INFO     SEARCHQUEUE-BACKLOG-121361 :: [TorrentProject] :: Request failed: 503 Server Error: Service Temporarily Unavailable for url: https://torrentproject.se/?filter=2101&s=Game+of+Thrones+S01E03&showmagnets=on&num=50&out=json
2018-02-01 02:29:07 INFO     SEARCHQUEUE-BACKLOG-121361 :: [TorrentProject] :: Request failed: 503 Server Error: Service Temporarily Unavailable for url: https://torrentproject.se/?filter=2101&s=Game+of+Thrones+S01E04&showmagnets=on&num=50&out=json
2018-02-01 02:29:07 INFO     SEARCHQUEUE-BACKLOG-121361 :: [TorrentProject] :: Request failed: 503 Server Error: Service Temporarily Unavailable for url: https://torrentproject.se/?filter=2101&s=Game+of+Thrones+S01E05&showmagnets=on&num=50&out=json
2018-02-01 02:29:08 INFO     SEARCHQUEUE-BACKLOG-121361 :: [TorrentProject] :: Request failed: 503 Server Error: Service Temporarily Unavailable for url: https://torrentproject.se/?filter=2101&s=Game+of+Thrones+S01E06&showmagnets=on&num=50&out=json
2018-02-01 02:29:08 INFO     SEARCHQUEUE-BACKLOG-121361 :: [TorrentProject] :: Request failed: 503 Server Error: Service Temporarily Unavailable for url: https://torrentproject.se/?filter=2101&s=Game+of+Thrones+S01E07&showmagnets=on&num=50&out=json
2018-02-01 02:29:09 INFO     SEARCHQUEUE-BACKLOG-121361 :: [TorrentProject] :: Request failed: 503 Server Error: Service Temporarily Unavailable for url: https://torrentproject.se/?filter=2101&s=Game+of+Thrones+S01E08&showmagnets=on&num=50&out=json
2018-02-01 02:29:09 INFO     SEARCHQUEUE-BACKLOG-121361 :: [TorrentProject] :: Request failed: 503 Server Error: Service Temporarily Unavailable for url: https://torrentproject.se/?filter=2101&s=Game+of+Thrones+S01E09&showmagnets=on&num=50&out=json
2018-02-01 02:29:10 INFO     SEARCHQUEUE-BACKLOG-121361 :: [TorrentProject] :: Request failed: 503 Server Error: Service Temporarily Unavailable for url: https://torrentproject.se/?filter=2101&s=Game+of+Thrones+S01E10&showmagnets=on&num=50&out=json
2018-02-01 02:29:10 INFO     SEARCHQUEUE-BACKLOG-121361 :: [ilCorsaroNero] :: Performing episode search for Game of Thrones
2018-02-01 02:29:40 INFO     SEARCHQUEUE-BACKLOG-121361 :: [ilCorsaroNero] :: Request failed: HTTPSConnectionPool(host='ilcorsaronero.info', port=443): Max retries exceeded with url: /advsearch.php?search=Game%20of%20Thrones%20S01E01&order=data&by=DESC&page=0&category=15,5,1,20,19 (Caused by ConnectTimeoutError(<urllib3.connection.VerifiedHTTPSConnection object at 0x7f617dd85750>, 'Connection to ilcorsaronero.info timed out. (connect timeout=30)'))
2018-02-01 02:30:10 INFO     SEARCHQUEUE-BACKLOG-121361 :: [ilCorsaroNero] :: Request failed: HTTPSConnectionPool(host='ilcorsaronero.info', port=443): Max retries exceeded with url: /advsearch.php?search=Game%20of%20Thrones%20S01E01&order=data&by=DESC&page=1&category=15,5,1,20,19 (Caused by ConnectTimeoutError(<urllib3.connection.VerifiedHTTPSConnection object at 0x7f617e174fd0>, 'Connection to ilcorsaronero.info timed out. (connect timeout=30)'))
2018-02-01 02:30:16 INFO     POSTPROCESSOR :: Auto post processing task for /downloads/complete was added to the queue
2018-02-01 02:30:18 INFO     POSTPROCESSOR-AUTO :: Beginning auto post processing task: /downloads/complete
2018-02-01 02:30:18 INFO     POSTPROCESSOR-AUTO :: Processing /downloads/complete
2018-02-01 02:30:18 INFO     POSTPROCESSOR-AUTO :: Successfully processed
2018-02-01 02:30:18 INFO     POSTPROCESSOR-AUTO :: Auto post processing task for /downloads/complete completed
2018-02-01 02:30:40 INFO     SEARCHQUEUE-BACKLOG-121361 :: [ilCorsaroNero] :: Request failed: HTTPSConnectionPool(host='ilcorsaronero.info', port=443): Max retries exceeded with url: /advsearch.php?search=Game%20of%20Thrones%20S01E01&order=data&by=DESC&page=2&category=15,5,1,20,19 (Caused by ConnectTimeoutError(<urllib3.connection.VerifiedHTTPSConnection object at 0x7f617e1745d0>, 'Connection to ilcorsaronero.info timed out. (connect timeout=30)'))
2018-02-01 02:31:10 INFO     SEARCHQUEUE-BACKLOG-121361 :: [ilCorsaroNero] :: Request failed: HTTPSConnectionPool(host='ilcorsaronero.info', port=443): Max retries exceeded with url: /advsearch.php?search=Game%20of%20Thrones%20S01E01&order=data&by=DESC&page=3&category=15,5,1,20,19 (Caused by ConnectTimeoutError(<urllib3.connection.VerifiedHTTPSConnection object at 0x7f617e174fd0>, 'Connection to ilcorsaronero.info timed out. (connect timeout=30)'))
2018-02-01 02:31:40 INFO     SEARCHQUEUE-BACKLOG-121361 :: [ilCorsaroNero] :: Request failed: HTTPSConnectionPool(host='ilcorsaronero.info', port=443): Max retries exceeded with url: /advsearch.php?search=Game%20of%20Thrones%20S01E01&order=data&by=DESC&page=4&category=15,5,1,20,19 (Caused by ConnectTimeoutError(<urllib3.connection.VerifiedHTTPSConnection object at 0x7f617e174fd0>, 'Connection to ilcorsaronero.info timed out. (connect timeout=30)'))
2018-02-01 02:32:10 INFO     SEARCHQUEUE-BACKLOG-121361 :: [ilCorsaroNero] :: Request failed: HTTPSConnectionPool(host='ilcorsaronero.info', port=443): Max retries exceeded with url: /advsearch.php?search=Game%20of%20Thrones%20S01E01&order=data&by=DESC&page=5&category=15,5,1,20,19 (Caused by ConnectTimeoutError(<urllib3.connection.VerifiedHTTPSConnection object at 0x7f617d9b1690>, 'Connection to ilcorsaronero.info timed out. (connect timeout=30)'))
2018-02-01 02:32:40 INFO     SEARCHQUEUE-BACKLOG-121361 :: [ilCorsaroNero] :: Request failed: HTTPSConnectionPool(host='ilcorsaronero.info', port=443): Max retries exceeded with url: /advsearch.php?search=Game%20of%20Thrones%20S01E01&order=data&by=DESC&page=6&category=15,5,1,20,19 (Caused by ConnectTimeoutError(<urllib3.connection.VerifiedHTTPSConnection object at 0x7f617dcc4350>, 'Connection to ilcorsaronero.info timed out. (connect timeout=30)'))
2018-02-01 02:33:10 INFO     SEARCHQUEUE-BACKLOG-121361 :: [ilCorsaroNero] :: Request failed: HTTPSConnectionPool(host='ilcorsaronero.info', port=443): Max retries exceeded with url: /advsearch.php?search=Game%20of%20Thrones%20S01E01&order=data&by=DESC&page=7&category=15,5,1,20,19 (Caused by ConnectTimeoutError(<urllib3.connection.VerifiedHTTPSConnection object at 0x7f617d9b1690>, 'Connection to ilcorsaronero.info timed out. (connect timeout=30)'))
2018-02-01 02:33:40 INFO     SEARCHQUEUE-BACKLOG-121361 :: [ilCorsaroNero] :: Request failed: HTTPSConnectionPool(host='ilcorsaronero.info', port=443): Max retries exceeded with url: /advsearch.php?search=Game%20of%20Thrones%20S01E01&order=data&by=DESC&page=8&category=15,5,1,20,19 (Caused by ConnectTimeoutError(<urllib3.connection.VerifiedHTTPSConnection object at 0x7f617dcc4350>, 'Connection to ilcorsaronero.info timed out. (connect timeout=30)'))
2018-02-01 02:34:10 INFO     SEARCHQUEUE-BACKLOG-121361 :: [ilCorsaroNero] :: Request failed: HTTPSConnectionPool(host='ilcorsaronero.info', port=443): Max retries exceeded with url: /advsearch.php?search=Game%20of%20Thrones%20S01E01&order=data&by=DESC&page=9&category=15,5,1,20,19 (Caused by ConnectTimeoutError(<urllib3.connection.VerifiedHTTPSConnection object at 0x7f617d9b1690>, 'Connection to ilcorsaronero.info timed out. (connect timeout=30)'))
2018-02-01 02:34:40 INFO     SEARCHQUEUE-BACKLOG-121361 :: [ilCorsaroNero] :: Request failed: HTTPSConnectionPool(host='ilcorsaronero.info', port=443): Max retries exceeded with url: /advsearch.php?search=Game%20of%20Thrones%20S01E02&order=data&by=DESC&page=0&category=15,5,1,20,19 (Caused by ConnectTimeoutError(<urllib3.connection.VerifiedHTTPSConnection object at 0x7f617dd1ad10>, 'Connection to ilcorsaronero.info timed out. (connect timeout=30)'))
2018-02-01 02:34:56 INFO     DAILYSEARCHER :: Searching for new released episodes ...
2018-02-01 02:34:56 INFO     DAILYSEARCHER :: No new released episodes found ...
2018-02-01 02:35:10 INFO     SEARCHQUEUE-BACKLOG-121361 :: [ilCorsaroNero] :: Request failed: HTTPSConnectionPool(host='ilcorsaronero.info', port=443): Max retries exceeded with url: /advsearch.php?search=Game%20of%20Thrones%20S01E02&order=data&by=DESC&page=1&category=15,5,1,20,19 (Caused by ConnectTimeoutError(<urllib3.connection.VerifiedHTTPSConnection object at 0x7f617df7ce50>, 'Connection to ilcorsaronero.info timed out. (connect timeout=30)'))
2018-02-01 02:35:40 INFO     SEARCHQUEUE-BACKLOG-121361 :: [ilCorsaroNero] :: Request failed: HTTPSConnectionPool(host='ilcorsaronero.info', port=443): Max retries exceeded with url: /advsearch.php?search=Game%20of%20Thrones%20S01E02&order=data&by=DESC&page=2&category=15,5,1,20,19 (Caused by ConnectTimeoutError(<urllib3.connection.VerifiedHTTPSConnection object at 0x7f617dcc4350>, 'Connection to ilcorsaronero.info timed out. (connect timeout=30)'))
2018-02-01 02:36:10 INFO     SEARCHQUEUE-BACKLOG-121361 :: [ilCorsaroNero] :: Request failed: HTTPSConnectionPool(host='ilcorsaronero.info', port=443): Max retries exceeded with url: /advsearch.php?search=Game%20of%20Thrones%20S01E02&order=data&by=DESC&page=3&category=15,5,1,20,19 (Caused by ConnectTimeoutError(<urllib3.connection.VerifiedHTTPSConnection object at 0x7f617d96cf90>, 'Connection to ilcorsaronero.info timed out. (connect timeout=30)'))
2018-02-01 02:36:40 INFO     SEARCHQUEUE-BACKLOG-121361 :: [ilCorsaroNero] :: Request failed: HTTPSConnectionPool(host='ilcorsaronero.info', port=443): Max retries exceeded with url: /advsearch.php?search=Game%20of%20Thrones%20S01E02&order=data&by=DESC&page=4&category=15,5,1,20,19 (Caused by ConnectTimeoutError(<urllib3.connection.VerifiedHTTPSConnection object at 0x7f617dcc4f10>, 'Connection to ilcorsaronero.info timed out. (connect timeout=30)'))
2018-02-01 02:37:10 INFO     SEARCHQUEUE-BACKLOG-121361 :: [ilCorsaroNero] :: Request failed: HTTPSConnectionPool(host='ilcorsaronero.info', port=443): Max retries exceeded with url: /advsearch.php?search=Game%20of%20Thrones%20S01E02&order=data&by=DESC&page=5&category=15,5,1,20,19 (Caused by ConnectTimeoutError(<urllib3.connection.VerifiedHTTPSConnection object at 0x7f617df7ce50>, 'Connection to ilcorsaronero.info timed out. (connect timeout=30)'))
2018-02-01 02:37:40 INFO     SEARCHQUEUE-BACKLOG-121361 :: [ilCorsaroNero] :: Request failed: HTTPSConnectionPool(host='ilcorsaronero.info', port=443): Max retries exceeded with url: /advsearch.php?search=Game%20of%20Thrones%20S01E02&order=data&by=DESC&page=6&category=15,5,1,20,19 (Caused by ConnectTimeoutError(<urllib3.connection.VerifiedHTTPSConnection object at 0x7f617dcc4f10>, 'Connection to ilcorsaronero.info timed out. (connect timeout=30)'))
2018-02-01 02:38:10 INFO     SEARCHQUEUE-BACKLOG-121361 :: [ilCorsaroNero] :: Request failed: HTTPSConnectionPool(host='ilcorsaronero.info', port=443): Max retries exceeded with url: /advsearch.php?search=Game%20of%20Thrones%20S01E02&order=data&by=DESC&page=7&category=15,5,1,20,19 (Caused by ConnectTimeoutError(<urllib3.connection.VerifiedHTTPSConnection object at 0x7f617dd1ae10>, 'Connection to ilcorsaronero.info timed out. (connect timeout=30)'))
2018-02-01 02:38:40 INFO     SEARCHQUEUE-BACKLOG-121361 :: [ilCorsaroNero] :: Request failed: HTTPSConnectionPool(host='ilcorsaronero.info', port=443): Max retries exceeded with url: /advsearch.php?search=Game%20of%20Thrones%20S01E02&order=data&by=DESC&page=8&category=15,5,1,20,19 (Caused by ConnectTimeoutError(<urllib3.connection.VerifiedHTTPSConnection object at 0x7f617e174c90>, 'Connection to ilcorsaronero.info timed out. (connect timeout=30)'))
2018-02-01 02:39:10 INFO     SEARCHQUEUE-BACKLOG-121361 :: [ilCorsaroNero] :: Request failed: HTTPSConnectionPool(host='ilcorsaronero.info', port=443): Max retries exceeded with url: /advsearch.php?search=Game%20of%20Thrones%20S01E02&order=data&by=DESC&page=9&category=15,5,1,20,19 (Caused by ConnectTimeoutError(<urllib3.connection.VerifiedHTTPSConnection object at 0x7f617dcc4e50>, 'Connection to ilcorsaronero.info timed out. (connect timeout=30)'))
2018-02-01 02:39:40 INFO     SEARCHQUEUE-BACKLOG-121361 :: [ilCorsaroNero] :: Request failed: HTTPSConnectionPool(host='ilcorsaronero.info', port=443): Max retries exceeded with url: /advsearch.php?search=Game%20of%20Thrones%20S01E03&order=data&by=DESC&page=0&category=15,5,1,20,19 (Caused by ConnectTimeoutError(<urllib3.connection.VerifiedHTTPSConnection object at 0x7f617df7cf10>, 'Connection to ilcorsaronero.info timed out. (connect timeout=30)'))
2018-02-01 02:40:10 INFO     SEARCHQUEUE-BACKLOG-121361 :: [ilCorsaroNero] :: Request failed: HTTPSConnectionPool(host='ilcorsaronero.info', port=443): Max retries exceeded with url: /advsearch.php?search=Game%20of%20Thrones%20S01E03&order=data&by=DESC&page=1&category=15,5,1,20,19 (Caused by ConnectTimeoutError(<urllib3.connection.VerifiedHTTPSConnection object at 0x7f617dcc4350>, 'Connection to ilcorsaronero.info timed out. (connect timeout=30)'))
2018-02-01 02:40:17 INFO     POSTPROCESSOR :: Auto post processing task for /downloads/complete was added to the queue
2018-02-01 02:40:19 INFO     POSTPROCESSOR-AUTO :: Beginning auto post processing task: /downloads/complete
2018-02-01 02:40:19 INFO     POSTPROCESSOR-AUTO :: Processing /downloads/complete
2018-02-01 02:40:19 INFO     POSTPROCESSOR-AUTO :: Successfully processed
2018-02-01 02:40:19 INFO     POSTPROCESSOR-AUTO :: Auto post processing task for /downloads/complete completed
2018-02-01 02:40:40 INFO     SEARCHQUEUE-BACKLOG-121361 :: [ilCorsaroNero] :: Request failed: HTTPSConnectionPool(host='ilcorsaronero.info', port=443): Max retries exceeded with url: /advsearch.php?search=Game%20of%20Thrones%20S01E03&order=data&by=DESC&page=2&category=15,5,1,20,19 (Caused by ConnectTimeoutError(<urllib3.connection.VerifiedHTTPSConnection object at 0x7f617d96cf90>, 'Connection to ilcorsaronero.info timed out. (connect timeout=30)'))
2018-02-01 02:41:10 INFO     SEARCHQUEUE-BACKLOG-121361 :: [ilCorsaroNero] :: Request failed: HTTPSConnectionPool(host='ilcorsaronero.info', port=443): Max retries exceeded with url: /advsearch.php?search=Game%20of%20Thrones%20S01E03&order=data&by=DESC&page=3&category=15,5,1,20,19 (Caused by ConnectTimeoutError(<urllib3.connection.VerifiedHTTPSConnection object at 0x7f617dcc4e50>, 'Connection to ilcorsaronero.info timed out. (connect timeout=30)'))
2018-02-01 02:41:41 INFO     SEARCHQUEUE-BACKLOG-121361 :: [ilCorsaroNero] :: Request failed: HTTPSConnectionPool(host='ilcorsaronero.info', port=443): Max retries exceeded with url: /advsearch.php?search=Game%20of%20Thrones%20S01E03&order=data&by=DESC&page=4&category=15,5,1,20,19 (Caused by ConnectTimeoutError(<urllib3.connection.VerifiedHTTPSConnection object at 0x7f617df7cf10>, 'Connection to ilcorsaronero.info timed out. (connect timeout=30)'))
2018-02-01 02:42:11 INFO     SEARCHQUEUE-BACKLOG-121361 :: [ilCorsaroNero] :: Request failed: HTTPSConnectionPool(host='ilcorsaronero.info', port=443): Max retries exceeded with url: /advsearch.php?search=Game%20of%20Thrones%20S01E03&order=data&by=DESC&page=5&category=15,5,1,20,19 (Caused by ConnectTimeoutError(<urllib3.connection.VerifiedHTTPSConnection object at 0x7f617dcc4e50>, 'Connection to ilcorsaronero.info timed out. (connect timeout=30)'))
2018-02-01 02:42:41 INFO     SEARCHQUEUE-BACKLOG-121361 :: [ilCorsaroNero] :: Request failed: HTTPSConnectionPool(host='ilcorsaronero.info', port=443): Max retries exceeded with url: /advsearch.php?search=Game%20of%20Thrones%20S01E03&order=data&by=DESC&page=6&category=15,5,1,20,19 (Caused by ConnectTimeoutError(<urllib3.connection.VerifiedHTTPSConnection object at 0x7f617df7cf10>, 'Connection to ilcorsaronero.info timed out. (connect timeout=30)'))
2018-02-01 02:43:11 INFO     SEARCHQUEUE-BACKLOG-121361 :: [ilCorsaroNero] :: Request failed: HTTPSConnectionPool(host='ilcorsaronero.info', port=443): Max retries exceeded with url: /advsearch.php?search=Game%20of%20Thrones%20S01E03&order=data&by=DESC&page=7&category=15,5,1,20,19 (Caused by ConnectTimeoutError(<urllib3.connection.VerifiedHTTPSConnection object at 0x7f617e174e50>, 'Connection to ilcorsaronero.info timed out. (connect timeout=30)'))
2018-02-01 02:43:41 INFO     SEARCHQUEUE-BACKLOG-121361 :: [ilCorsaroNero] :: Request failed: HTTPSConnectionPool(host='ilcorsaronero.info', port=443): Max retries exceeded with url: /advsearch.php?search=Game%20of%20Thrones%20S01E03&order=data&by=DESC&page=8&category=15,5,1,20,19 (Caused by ConnectTimeoutError(<urllib3.connection.VerifiedHTTPSConnection object at 0x7f617ea02c90>, 'Connection to ilcorsaronero.info timed out. (connect timeout=30)'))
2018-02-01 02:44:11 INFO     SEARCHQUEUE-BACKLOG-121361 :: [ilCorsaroNero] :: Request failed: HTTPSConnectionPool(host='ilcorsaronero.info', port=443): Max retries exceeded with url: /advsearch.php?search=Game%20of%20Thrones%20S01E03&order=data&by=DESC&page=9&category=15,5,1,20,19 (Caused by ConnectTimeoutError(<urllib3.connection.VerifiedHTTPSConnection object at 0x7f617dcafcd0>, 'Connection to ilcorsaronero.info timed out. (connect timeout=30)'))
2018-02-01 02:44:41 INFO     SEARCHQUEUE-BACKLOG-121361 :: [ilCorsaroNero] :: Request failed: HTTPSConnectionPool(host='ilcorsaronero.info', port=443): Max retries exceeded with url: /advsearch.php?search=Game%20of%20Thrones%20S01E04&order=data&by=DESC&page=0&category=15,5,1,20,19 (Caused by ConnectTimeoutError(<urllib3.connection.VerifiedHTTPSConnection object at 0x7f617dd85d10>, 'Connection to ilcorsaronero.info timed out. (connect timeout=30)'))
2018-02-01 02:44:55 INFO     CHECKVERSION :: Checking for updates using GIT
2018-02-01 02:45:11 INFO     SEARCHQUEUE-BACKLOG-121361 :: [ilCorsaroNero] :: Request failed: HTTPSConnectionPool(host='ilcorsaronero.info', port=443): Max retries exceeded with url: /advsearch.php?search=Game%20of%20Thrones%20S01E04&order=data&by=DESC&page=1&category=15,5,1,20,19 (Caused by ConnectTimeoutError(<urllib3.connection.VerifiedHTTPSConnection object at 0x7f617dd03c90>, 'Connection to ilcorsaronero.info timed out. (connect timeout=30)'))
2018-02-01 02:45:41 INFO     SEARCHQUEUE-BACKLOG-121361 :: [ilCorsaroNero] :: Request failed: HTTPSConnectionPool(host='ilcorsaronero.info', port=443): Max retries exceeded with url: /advsearch.php?search=Game%20of%20Thrones%20S01E04&order=data&by=DESC&page=2&category=15,5,1,20,19 (Caused by ConnectTimeoutError(<urllib3.connection.VerifiedHTTPSConnection object at 0x7f617dd03ed0>, 'Connection to ilcorsaronero.info timed out. (connect timeout=30)'))
2018-02-01 02:46:11 INFO     SEARCHQUEUE-BACKLOG-121361 :: [ilCorsaroNero] :: Request failed: HTTPSConnectionPool(host='ilcorsaronero.info', port=443): Max retries exceeded with url: /advsearch.php?search=Game%20of%20Thrones%20S01E04&order=data&by=DESC&page=3&category=15,5,1,20,19 (Caused by ConnectTimeoutError(<urllib3.connection.VerifiedHTTPSConnection object at 0x7f617dd80d50>, 'Connection to ilcorsaronero.info timed out. (connect timeout=30)'))
2018-02-01 02:46:41 INFO     SEARCHQUEUE-BACKLOG-121361 :: [ilCorsaroNero] :: Request failed: HTTPSConnectionPool(host='ilcorsaronero.info', port=443): Max retries exceeded with url: /advsearch.php?search=Game%20of%20Thrones%20S01E04&order=data&by=DESC&page=4&category=15,5,1,20,19 (Caused by ConnectTimeoutError(<urllib3.connection.VerifiedHTTPSConnection object at 0x7f617dd03150>, 'Connection to ilcorsaronero.info timed out. (connect timeout=30)'))
2018-02-01 02:47:11 INFO     SEARCHQUEUE-BACKLOG-121361 :: [ilCorsaroNero] :: Request failed: HTTPSConnectionPool(host='ilcorsaronero.info', port=443): Max retries exceeded with url: /advsearch.php?search=Game%20of%20Thrones%20S01E04&order=data&by=DESC&page=5&category=15,5,1,20,19 (Caused by ConnectTimeoutError(<urllib3.connection.VerifiedHTTPSConnection object at 0x7f617dd1a8d0>, 'Connection to ilcorsaronero.info timed out. (connect timeout=30)'))
2018-02-01 02:47:41 INFO     SEARCHQUEUE-BACKLOG-121361 :: [ilCorsaroNero] :: Request failed: HTTPSConnectionPool(host='ilcorsaronero.info', port=443): Max retries exceeded with url: /advsearch.php?search=Game%20of%20Thrones%20S01E04&order=data&by=DESC&page=6&category=15,5,1,20,19 (Caused by ConnectTimeoutError(<urllib3.connection.VerifiedHTTPSConnection object at 0x7f617dd03950>, 'Connection to ilcorsaronero.info timed out. (connect timeout=30)'))
2018-02-01 02:48:11 INFO     SEARCHQUEUE-BACKLOG-121361 :: [ilCorsaroNero] :: Request failed: HTTPSConnectionPool(host='ilcorsaronero.info', port=443): Max retries exceeded with url: /advsearch.php?search=Game%20of%20Thrones%20S01E04&order=data&by=DESC&page=7&category=15,5,1,20,19 (Caused by ConnectTimeoutError(<urllib3.connection.VerifiedHTTPSConnection object at 0x7f617dd03690>, 'Connection to ilcorsaronero.info timed out. (connect timeout=30)'))
2018-02-01 02:48:41 INFO     SEARCHQUEUE-BACKLOG-121361 :: [ilCorsaroNero] :: Request failed: HTTPSConnectionPool(host='ilcorsaronero.info', port=443): Max retries exceeded with url: /advsearch.php?search=Game%20of%20Thrones%20S01E04&order=data&by=DESC&page=8&category=15,5,1,20,19 (Caused by ConnectTimeoutError(<urllib3.connection.VerifiedHTTPSConnection object at 0x7f617dd03090>, 'Connection to ilcorsaronero.info timed out. (connect timeout=30)'))
2018-02-01 02:49:11 INFO     SEARCHQUEUE-BACKLOG-121361 :: [ilCorsaroNero] :: Request failed: HTTPSConnectionPool(host='ilcorsaronero.info', port=443): Max retries exceeded with url: /advsearch.php?search=Game%20of%20Thrones%20S01E04&order=data&by=DESC&page=9&category=15,5,1,20,19 (Caused by ConnectTimeoutError(<urllib3.connection.VerifiedHTTPSConnection object at 0x7f617dd03690>, 'Connection to ilcorsaronero.info timed out. (connect timeout=30)'))
2018-02-01 02:49:41 INFO     SEARCHQUEUE-BACKLOG-121361 :: [ilCorsaroNero] :: Request failed: HTTPSConnectionPool(host='ilcorsaronero.info', port=443): Max retries exceeded with url: /advsearch.php?search=Game%20of%20Thrones%20S01E05&order=data&by=DESC&page=0&category=15,5,1,20,19 (Caused by ConnectTimeoutError(<urllib3.connection.VerifiedHTTPSConnection object at 0x7f617e174410>, 'Connection to ilcorsaronero.info timed out. (connect timeout=30)'))
2018-02-01 02:50:11 INFO     SEARCHQUEUE-BACKLOG-121361 :: [ilCorsaroNero] :: Request failed: HTTPSConnectionPool(host='ilcorsaronero.info', port=443): Max retries exceeded with url: /advsearch.php?search=Game%20of%20Thrones%20S01E05&order=data&by=DESC&page=1&category=15,5,1,20,19 (Caused by ConnectTimeoutError(<urllib3.connection.VerifiedHTTPSConnection object at 0x7f617dcb3810>, 'Connection to ilcorsaronero.info timed out. (connect timeout=30)'))
2018-02-01 02:50:17 INFO     POSTPROCESSOR :: Auto post processing task for /downloads/complete was added to the queue
2018-02-01 02:50:19 INFO     POSTPROCESSOR-AUTO :: Beginning auto post processing task: /downloads/complete
2018-02-01 02:50:19 INFO     POSTPROCESSOR-AUTO :: Processing /downloads/complete
2018-02-01 02:50:20 INFO     POSTPROCESSOR-AUTO :: Processing /downloads/complete/Game.of.Thrones.S07E07.The.Dragon.and.the.Wolf.AMZN.WEBRip.DDP2.0.x264-GoT[rarbg]/Game.of.Thrones.S07E07.The.Dragon.and.the.Wolf.AMZN.WEB-DL.DDP2.0.H.264-GoT.mkv (None)
2018-02-01 02:50:20 INFO     POSTPROCESSOR-AUTO :: This download is marked a priority download so I'm going to replace an existing file if I find one
2018-02-01 02:50:20 INFO     POSTPROCESSOR-AUTO :: Process method is 'move' and src and destination are on the same device, skipping free space check
2018-02-01 02:50:27 INFO     Thread-14 :: Manual post processing task for /downloads/complete/Game.of.Thrones.S07E07.The.Dragon.and.the.Wolf.AMZN.WEBRip.DDP2.0.x264-GoT[rarbg] was added to the queue
2018-02-01 02:50:36 INFO     POSTPROCESSOR-AUTO :: Processing succeeded for /downloads/complete/Game.of.Thrones.S07E07.The.Dragon.and.the.Wolf.AMZN.WEBRip.DDP2.0.x264-GoT[rarbg]/Game.of.Thrones.S07E07.The.Dragon.and.the.Wolf.AMZN.WEB-DL.DDP2.0.H.264-GoT.mkv
2018-02-01 02:50:36 INFO     POSTPROCESSOR-AUTO :: Deleting folder: /downloads/complete/Game.of.Thrones.S07E07.The.Dragon.and.the.Wolf.AMZN.WEBRip.DDP2.0.x264-GoT[rarbg]
2018-02-01 02:50:36 INFO     POSTPROCESSOR-AUTO :: Successfully processed
2018-02-01 02:50:36 INFO     POSTPROCESSOR-AUTO :: Auto post processing task for /downloads/complete completed
2018-02-01 02:50:39 INFO     POSTPROCESSOR-MANUAL :: Beginning manual post processing task: /downloads/complete/Game.of.Thrones.S07E07.The.Dragon.and.the.Wolf.AMZN.WEBRip.DDP2.0.x264-GoT[rarbg]
2018-02-01 02:50:39 INFO     POSTPROCESSOR-MANUAL :: Manual post processing task for /downloads/complete/Game.of.Thrones.S07E07.The.Dragon.and.the.Wolf.AMZN.WEBRip.DDP2.0.x264-GoT[rarbg] completed
2018-02-01 02:50:41 INFO     SEARCHQUEUE-BACKLOG-121361 :: [ilCorsaroNero] :: Request failed: HTTPSConnectionPool(host='ilcorsaronero.info', port=443): Max retries exceeded with url: /advsearch.php?search=Game%20of%20Thrones%20S01E05&order=data&by=DESC&page=2&category=15,5,1,20,19 (Caused by ConnectTimeoutError(<urllib3.connection.VerifiedHTTPSConnection object at 0x7f617dcb3d50>, 'Connection to ilcorsaronero.info timed out. (connect timeout=30)'))
2018-02-01 02:51:11 INFO     SEARCHQUEUE-BACKLOG-121361 :: [ilCorsaroNero] :: Request failed: HTTPSConnectionPool(host='ilcorsaronero.info', port=443): Max retries exceeded with url: /advsearch.php?search=Game%20of%20Thrones%20S01E05&order=data&by=DESC&page=3&category=15,5,1,20,19 (Caused by ConnectTimeoutError(<urllib3.connection.VerifiedHTTPSConnection object at 0x7f617dcb3810>, 'Connection to ilcorsaronero.info timed out. (connect timeout=30)'))
2018-02-01 02:51:41 INFO     SEARCHQUEUE-BACKLOG-121361 :: [ilCorsaroNero] :: Request failed: HTTPSConnectionPool(host='ilcorsaronero.info', port=443): Max retries exceeded with url: /advsearch.php?search=Game%20of%20Thrones%20S01E05&order=data&by=DESC&page=4&category=15,5,1,20,19 (Caused by ConnectTimeoutError(<urllib3.connection.VerifiedHTTPSConnection object at 0x7f617ea0ea50>, 'Connection to ilcorsaronero.info timed out. (connect timeout=30)'))
2018-02-01 02:52:11 INFO     SEARCHQUEUE-BACKLOG-121361 :: [ilCorsaroNero] :: Request failed: HTTPSConnectionPool(host='ilcorsaronero.info', port=443): Max retries exceeded with url: /advsearch.php?search=Game%20of%20Thrones%20S01E05&order=data&by=DESC&page=5&category=15,5,1,20,19 (Caused by ConnectTimeoutError(<urllib3.connection.VerifiedHTTPSConnection object at 0x7f617f066f90>, 'Connection to ilcorsaronero.info timed out. (connect timeout=30)'))
2018-02-01 02:52:41 INFO     SEARCHQUEUE-BACKLOG-121361 :: [ilCorsaroNero] :: Request failed: HTTPSConnectionPool(host='ilcorsaronero.info', port=443): Max retries exceeded with url: /advsearch.php?search=Game%20of%20Thrones%20S01E05&order=data&by=DESC&page=6&category=15,5,1,20,19 (Caused by ConnectTimeoutError(<urllib3.connection.VerifiedHTTPSConnection object at 0x7f617ea0ea50>, 'Connection to ilcorsaronero.info timed out. (connect timeout=30)'))
2018-02-01 02:53:11 INFO     SEARCHQUEUE-BACKLOG-121361 :: [ilCorsaroNero] :: Request failed: HTTPSConnectionPool(host='ilcorsaronero.info', port=443): Max retries exceeded with url: /advsearch.php?search=Game%20of%20Thrones%20S01E05&order=data&by=DESC&page=7&category=15,5,1,20,19 (Caused by ConnectTimeoutError(<urllib3.connection.VerifiedHTTPSConnection object at 0x7f617dd80450>, 'Connection to ilcorsaronero.info timed out. (connect timeout=30)'))
2018-02-01 02:53:41 INFO     SEARCHQUEUE-BACKLOG-121361 :: [ilCorsaroNero] :: Request failed: HTTPSConnectionPool(host='ilcorsaronero.info', port=443): Max retries exceeded with url: /advsearch.php?search=Game%20of%20Thrones%20S01E05&order=data&by=DESC&page=8&category=15,5,1,20,19 (Caused by ConnectTimeoutError(<urllib3.connection.VerifiedHTTPSConnection object at 0x7f617dcc4d90>, 'Connection to ilcorsaronero.info timed out. (connect timeout=30)'))
2018-02-01 02:54:11 INFO     SEARCHQUEUE-BACKLOG-121361 :: [ilCorsaroNero] :: Request failed: HTTPSConnectionPool(host='ilcorsaronero.info', port=443): Max retries exceeded with url: /advsearch.php?search=Game%20of%20Thrones%20S01E05&order=data&by=DESC&page=9&category=15,5,1,20,19 (Caused by ConnectTimeoutError(<urllib3.connection.VerifiedHTTPSConnection object at 0x7f617dd80450>, 'Connection to ilcorsaronero.info timed out. (connect timeout=30)'))
2018-02-01 02:54:42 INFO     SEARCHQUEUE-BACKLOG-121361 :: [ilCorsaroNero] :: Request failed: HTTPSConnectionPool(host='ilcorsaronero.info', port=443): Max retries exceeded with url: /advsearch.php?search=Game%20of%20Thrones%20S01E06&order=data&by=DESC&page=0&category=15,5,1,20,19 (Caused by ConnectTimeoutError(<urllib3.connection.VerifiedHTTPSConnection object at 0x7f617dcc4d90>, 'Connection to ilcorsaronero.info timed out. (connect timeout=30)'))
2018-02-01 02:55:12 INFO     SEARCHQUEUE-BACKLOG-121361 :: [ilCorsaroNero] :: Request failed: HTTPSConnectionPool(host='ilcorsaronero.info', port=443): Max retries exceeded with url: /advsearch.php?search=Game%20of%20Thrones%20S01E06&order=data&by=DESC&page=1&category=15,5,1,20,19 (Caused by ConnectTimeoutError(<urllib3.connection.VerifiedHTTPSConnection object at 0x7f617e98df50>, 'Connection to ilcorsaronero.info timed out. (connect timeout=30)'))
2018-02-01 02:55:42 INFO     SEARCHQUEUE-BACKLOG-121361 :: [ilCorsaroNero] :: Request failed: HTTPSConnectionPool(host='ilcorsaronero.info', port=443): Max retries exceeded with url: /advsearch.php?search=Game%20of%20Thrones%20S01E06&order=data&by=DESC&page=2&category=15,5,1,20,19 (Caused by ConnectTimeoutError(<urllib3.connection.VerifiedHTTPSConnection object at 0x7f617dcc4d90>, 'Connection to ilcorsaronero.info timed out. (connect timeout=30)'))
2018-02-01 02:56:12 INFO     SEARCHQUEUE-BACKLOG-121361 :: [ilCorsaroNero] :: Request failed: HTTPSConnectionPool(host='ilcorsaronero.info', port=443): Max retries exceeded with url: /advsearch.php?search=Game%20of%20Thrones%20S01E06&order=data&by=DESC&page=3&category=15,5,1,20,19 (Caused by ConnectTimeoutError(<urllib3.connection.VerifiedHTTPSConnection object at 0x7f617e98df50>, 'Connection to ilcorsaronero.info timed out. (connect timeout=30)'))
2018-02-01 02:56:42 INFO     SEARCHQUEUE-BACKLOG-121361 :: [ilCorsaroNero] :: Request failed: HTTPSConnectionPool(host='ilcorsaronero.info', port=443): Max retries exceeded with url: /advsearch.php?search=Game%20of%20Thrones%20S01E06&order=data&by=DESC&page=4&category=15,5,1,20,19 (Caused by ConnectTimeoutError(<urllib3.connection.VerifiedHTTPSConnection object at 0x7f617dcc4d90>, 'Connection to ilcorsaronero.info timed out. (connect timeout=30)'))
2018-02-01 02:57:12 INFO     SEARCHQUEUE-BACKLOG-121361 :: [ilCorsaroNero] :: Request failed: HTTPSConnectionPool(host='ilcorsaronero.info', port=443): Max retries exceeded with url: /advsearch.php?search=Game%20of%20Thrones%20S01E06&order=data&by=DESC&page=5&category=15,5,1,20,19 (Caused by ConnectTimeoutError(<urllib3.connection.VerifiedHTTPSConnection object at 0x7f617e98df50>, 'Connection to ilcorsaronero.info timed out. (connect timeout=30)'))
2018-02-01 02:57:42 INFO     SEARCHQUEUE-BACKLOG-121361 :: [ilCorsaroNero] :: Request failed: HTTPSConnectionPool(host='ilcorsaronero.info', port=443): Max retries exceeded with url: /advsearch.php?search=Game%20of%20Thrones%20S01E06&order=data&by=DESC&page=6&category=15,5,1,20,19 (Caused by ConnectTimeoutError(<urllib3.connection.VerifiedHTTPSConnection object at 0x7f617dcc4d90>, 'Connection to ilcorsaronero.info timed out. (connect timeout=30)'))
2018-02-01 02:58:12 INFO     SEARCHQUEUE-BACKLOG-121361 :: [ilCorsaroNero] :: Request failed: HTTPSConnectionPool(host='ilcorsaronero.info', port=443): Max retries exceeded with url: /advsearch.php?search=Game%20of%20Thrones%20S01E06&order=data&by=DESC&page=7&category=15,5,1,20,19 (Caused by ConnectTimeoutError(<urllib3.connection.VerifiedHTTPSConnection object at 0x7f617e98df50>, 'Connection to ilcorsaronero.info timed out. (connect timeout=30)'))
2018-02-01 02:58:42 INFO     SEARCHQUEUE-BACKLOG-121361 :: [ilCorsaroNero] :: Request failed: HTTPSConnectionPool(host='ilcorsaronero.info', port=443): Max retries exceeded with url: /advsearch.php?search=Game%20of%20Thrones%20S01E06&order=data&by=DESC&page=8&category=15,5,1,20,19 (Caused by ConnectTimeoutError(<urllib3.connection.VerifiedHTTPSConnection object at 0x7f617dcc4d90>, 'Connection to ilcorsaronero.info timed out. (connect timeout=30)'))
2018-02-01 02:59:14 INFO     SEARCHQUEUE-BACKLOG-121361 :: [ilCorsaroNero] :: Request failed: HTTPSConnectionPool(host='ilcorsaronero.info', port=443): Max retries exceeded with url: /advsearch.php?search=Game%20of%20Thrones%20S01E06&order=data&by=DESC&page=9&category=15,5,1,20,19 (Caused by ConnectTimeoutError(<urllib3.connection.VerifiedHTTPSConnection object at 0x7f617e98df50>, 'Connection to ilcorsaronero.info timed out. (connect timeout=30)'))
2018-02-01 02:59:44 INFO     SEARCHQUEUE-BACKLOG-121361 :: [ilCorsaroNero] :: Request failed: HTTPSConnectionPool(host='ilcorsaronero.info', port=443): Max retries exceeded with url: /advsearch.php?search=Game%20of%20Thrones%20S01E07&order=data&by=DESC&page=0&category=15,5,1,20,19 (Caused by ConnectTimeoutError(<urllib3.connection.VerifiedHTTPSConnection object at 0x7f617dcc4d90>, 'Connection to ilcorsaronero.info timed out. (connect timeout=30)'))
2018-02-01 03:00:14 INFO     SEARCHQUEUE-BACKLOG-121361 :: [ilCorsaroNero] :: Request failed: HTTPSConnectionPool(host='ilcorsaronero.info', port=443): Max retries exceeded with url: /advsearch.php?search=Game%20of%20Thrones%20S01E07&order=data&by=DESC&page=1&category=15,5,1,20,19 (Caused by ConnectTimeoutError(<urllib3.connection.VerifiedHTTPSConnection object at 0x7f617e98df50>, 'Connection to ilcorsaronero.info timed out. (connect timeout=30)'))
2018-02-01 03:00:18 INFO     POSTPROCESSOR :: Auto post processing task for /downloads/complete was added to the queue
2018-02-01 03:00:20 INFO     POSTPROCESSOR-AUTO :: Beginning auto post processing task: /downloads/complete
2018-02-01 03:00:20 INFO     POSTPROCESSOR-AUTO :: Processing /downloads/complete
2018-02-01 03:00:20 INFO     POSTPROCESSOR-AUTO :: Successfully processed
2018-02-01 03:00:20 INFO     POSTPROCESSOR-AUTO :: Auto post processing task for /downloads/complete completed
2018-02-01 03:00:44 INFO     SEARCHQUEUE-BACKLOG-121361 :: [ilCorsaroNero] :: Request failed: HTTPSConnectionPool(host='ilcorsaronero.info', port=443): Max retries exceeded with url: /advsearch.php?search=Game%20of%20Thrones%20S01E07&order=data&by=DESC&page=2&category=15,5,1,20,19 (Caused by ConnectTimeoutError(<urllib3.connection.VerifiedHTTPSConnection object at 0x7f617dcc4d90>, 'Connection to ilcorsaronero.info timed out. (connect timeout=30)'))
2018-02-01 03:01:14 INFO     SEARCHQUEUE-BACKLOG-121361 :: [ilCorsaroNero] :: Request failed: HTTPSConnectionPool(host='ilcorsaronero.info', port=443): Max retries exceeded with url: /advsearch.php?search=Game%20of%20Thrones%20S01E07&order=data&by=DESC&page=3&category=15,5,1,20,19 (Caused by ConnectTimeoutError(<urllib3.connection.VerifiedHTTPSConnection object at 0x7f617e98df50>, 'Connection to ilcorsaronero.info timed out. (connect timeout=30)'))
2018-02-01 03:01:44 INFO     SEARCHQUEUE-BACKLOG-121361 :: [ilCorsaroNero] :: Request failed: HTTPSConnectionPool(host='ilcorsaronero.info', port=443): Max retries exceeded with url: /advsearch.php?search=Game%20of%20Thrones%20S01E07&order=data&by=DESC&page=4&category=15,5,1,20,19 (Caused by ConnectTimeoutError(<urllib3.connection.VerifiedHTTPSConnection object at 0x7f617dcc4d90>, 'Connection to ilcorsaronero.info timed out. (connect timeout=30)'))
2018-02-01 03:02:14 INFO     SEARCHQUEUE-BACKLOG-121361 :: [ilCorsaroNero] :: Request failed: HTTPSConnectionPool(host='ilcorsaronero.info', port=443): Max retries exceeded with url: /advsearch.php?search=Game%20of%20Thrones%20S01E07&order=data&by=DESC&page=5&category=15,5,1,20,19 (Caused by ConnectTimeoutError(<urllib3.connection.VerifiedHTTPSConnection object at 0x7f617e98df50>, 'Connection to ilcorsaronero.info timed out. (connect timeout=30)'))
2018-02-01 03:02:44 INFO     SEARCHQUEUE-BACKLOG-121361 :: [ilCorsaroNero] :: Request failed: HTTPSConnectionPool(host='ilcorsaronero.info', port=443): Max retries exceeded with url: /advsearch.php?search=Game%20of%20Thrones%20S01E07&order=data&by=DESC&page=6&category=15,5,1,20,19 (Caused by ConnectTimeoutError(<urllib3.connection.VerifiedHTTPSConnection object at 0x7f617dcc4d90>, 'Connection to ilcorsaronero.info timed out. (connect timeout=30)'))
2018-02-01 03:02:52 INFO     FINDSUBTITLES :: Checking for missed subtitles
2018-02-01 03:02:52 INFO     FINDSUBTITLES :: No subtitles to download
2018-02-01 03:03:14 INFO     SEARCHQUEUE-BACKLOG-121361 :: [ilCorsaroNero] :: Request failed: HTTPSConnectionPool(host='ilcorsaronero.info', port=443): Max retries exceeded with url: /advsearch.php?search=Game%20of%20Thrones%20S01E07&order=data&by=DESC&page=7&category=15,5,1,20,19 (Caused by ConnectTimeoutError(<urllib3.connection.VerifiedHTTPSConnection object at 0x7f617e98df50>, 'Connection to ilcorsaronero.info timed out. (connect timeout=30)'))
2018-02-01 03:03:45 INFO     SEARCHQUEUE-BACKLOG-121361 :: [ilCorsaroNero] :: Request failed: HTTPSConnectionPool(host='ilcorsaronero.info', port=443): Max retries exceeded with url: /advsearch.php?search=Game%20of%20Thrones%20S01E07&order=data&by=DESC&page=8&category=15,5,1,20,19 (Caused by ConnectTimeoutError(<urllib3.connection.VerifiedHTTPSConnection object at 0x7f617dcc4d90>, 'Connection to ilcorsaronero.info timed out. (connect timeout=30)'))
2018-02-01 03:04:15 INFO     SEARCHQUEUE-BACKLOG-121361 :: [ilCorsaroNero] :: Request failed: HTTPSConnectionPool(host='ilcorsaronero.info', port=443): Max retries exceeded with url: /advsearch.php?search=Game%20of%20Thrones%20S01E07&order=data&by=DESC&page=9&category=15,5,1,20,19 (Caused by ConnectTimeoutError(<urllib3.connection.VerifiedHTTPSConnection object at 0x7f617e98df50>, 'Connection to ilcorsaronero.info timed out. (connect timeout=30)'))
2018-02-01 03:04:20 INFO     SHOWQUEUE-REMOVE-SHOW :: Removing Game of Thrones
2018-02-01 03:04:20 INFO     SHOWQUEUE-REMOVE-SHOW :: Attempt to delete cache file /config/cache/images/121361.fanart.jpg
2018-02-01 03:04:20 INFO     SHOWQUEUE-REMOVE-SHOW :: Attempt to delete cache file /config/cache/images/121361.banner.jpg
2018-02-01 03:04:20 INFO     SHOWQUEUE-REMOVE-SHOW :: Attempt to delete cache file /config/cache/images/121361.poster.jpg
2018-02-01 03:04:20 INFO     SHOWQUEUE-REMOVE-SHOW :: Attempt to delete show folder /tv/Game of Thrones
2018-02-01 03:04:20 INFO     SHOWQUEUE-REMOVE-SHOW :: Deleted show folder /tv/Game of Thrones
2018-02-01 03:04:45 INFO     SEARCHQUEUE-BACKLOG-121361 :: [ilCorsaroNero] :: Request failed: HTTPSConnectionPool(host='ilcorsaronero.info', port=443): Max retries exceeded with url: /advsearch.php?search=Game%20of%20Thrones%20S01E08&order=data&by=DESC&page=0&category=15,5,1,20,19 (Caused by ConnectTimeoutError(<urllib3.connection.VerifiedHTTPSConnection object at 0x7f617e93ecd0>, 'Connection to ilcorsaronero.info timed out. (connect timeout=30)'))
2018-02-01 03:05:15 INFO     SEARCHQUEUE-BACKLOG-121361 :: [ilCorsaroNero] :: Request failed: HTTPSConnectionPool(host='ilcorsaronero.info', port=443): Max retries exceeded with url: /advsearch.php?search=Game%20of%20Thrones%20S01E08&order=data&by=DESC&page=1&category=15,5,1,20,19 (Caused by ConnectTimeoutError(<urllib3.connection.VerifiedHTTPSConnection object at 0x7f617e98df50>, 'Connection to ilcorsaronero.info timed out. (connect timeout=30)'))
2018-02-01 03:05:45 INFO     SEARCHQUEUE-BACKLOG-121361 :: [ilCorsaroNero] :: Request failed: HTTPSConnectionPool(host='ilcorsaronero.info', port=443): Max retries exceeded with url: /advsearch.php?search=Game%20of%20Thrones%20S01E08&order=data&by=DESC&page=2&category=15,5,1,20,19 (Caused by ConnectTimeoutError(<urllib3.connection.VerifiedHTTPSConnection object at 0x7f617e93ecd0>, 'Connection to ilcorsaronero.info timed out. (connect timeout=30)'))
2018-02-01 03:06:15 INFO     SEARCHQUEUE-BACKLOG-121361 :: [ilCorsaroNero] :: Request failed: HTTPSConnectionPool(host='ilcorsaronero.info', port=443): Max retries exceeded with url: /advsearch.php?search=Game%20of%20Thrones%20S01E08&order=data&by=DESC&page=3&category=15,5,1,20,19 (Caused by ConnectTimeoutError(<urllib3.connection.VerifiedHTTPSConnection object at 0x7f617e98df50>, 'Connection to ilcorsaronero.info timed out. (connect timeout=30)'))
2018-02-01 03:06:45 INFO     SEARCHQUEUE-BACKLOG-121361 :: [ilCorsaroNero] :: Request failed: HTTPSConnectionPool(host='ilcorsaronero.info', port=443): Max retries exceeded with url: /advsearch.php?search=Game%20of%20Thrones%20S01E08&order=data&by=DESC&page=4&category=15,5,1,20,19 (Caused by ConnectTimeoutError(<urllib3.connection.VerifiedHTTPSConnection object at 0x7f617e93ecd0>, 'Connection to ilcorsaronero.info timed out. (connect timeout=30)'))
2018-02-01 03:07:15 INFO     SEARCHQUEUE-BACKLOG-121361 :: [ilCorsaroNero] :: Request failed: HTTPSConnectionPool(host='ilcorsaronero.info', port=443): Max retries exceeded with url: /advsearch.php?search=Game%20of%20Thrones%20S01E08&order=data&by=DESC&page=5&category=15,5,1,20,19 (Caused by ConnectTimeoutError(<urllib3.connection.VerifiedHTTPSConnection object at 0x7f617e98df50>, 'Connection to ilcorsaronero.info timed out. (connect timeout=30)'))
2018-02-01 03:07:45 INFO     SEARCHQUEUE-BACKLOG-121361 :: [ilCorsaroNero] :: Request failed: HTTPSConnectionPool(host='ilcorsaronero.info', port=443): Max retries exceeded with url: /advsearch.php?search=Game%20of%20Thrones%20S01E08&order=data&by=DESC&page=6&category=15,5,1,20,19 (Caused by ConnectTimeoutError(<urllib3.connection.VerifiedHTTPSConnection object at 0x7f617e93ecd0>, 'Connection to ilcorsaronero.info timed out. (connect timeout=30)'))
2018-02-01 03:08:15 INFO     SEARCHQUEUE-BACKLOG-121361 :: [ilCorsaroNero] :: Request failed: HTTPSConnectionPool(host='ilcorsaronero.info', port=443): Max retries exceeded with url: /advsearch.php?search=Game%20of%20Thrones%20S01E08&order=data&by=DESC&page=7&category=15,5,1,20,19 (Caused by ConnectTimeoutError(<urllib3.connection.VerifiedHTTPSConnection object at 0x7f617e98df50>, 'Connection to ilcorsaronero.info timed out. (connect timeout=30)'))
2018-02-01 03:08:45 INFO     SEARCHQUEUE-BACKLOG-121361 :: [ilCorsaroNero] :: Request failed: HTTPSConnectionPool(host='ilcorsaronero.info', port=443): Max retries exceeded with url: /advsearch.php?search=Game%20of%20Thrones%20S01E08&order=data&by=DESC&page=8&category=15,5,1,20,19 (Caused by ConnectTimeoutError(<urllib3.connection.VerifiedHTTPSConnection object at 0x7f617e93ecd0>, 'Connection to ilcorsaronero.info timed out. (connect timeout=30)'))
2018-02-01 03:09:15 INFO     SEARCHQUEUE-BACKLOG-121361 :: [ilCorsaroNero] :: Request failed: HTTPSConnectionPool(host='ilcorsaronero.info', port=443): Max retries exceeded with url: /advsearch.php?search=Game%20of%20Thrones%20S01E08&order=data&by=DESC&page=9&category=15,5,1,20,19 (Caused by ConnectTimeoutError(<urllib3.connection.VerifiedHTTPSConnection object at 0x7f617e98df50>, 'Connection to ilcorsaronero.info timed out. (connect timeout=30)'))
2018-02-01 03:09:45 INFO     SEARCHQUEUE-BACKLOG-121361 :: [ilCorsaroNero] :: Request failed: HTTPSConnectionPool(host='ilcorsaronero.info', port=443): Max retries exceeded with url: /advsearch.php?search=Game%20of%20Thrones%20S01E09&order=data&by=DESC&page=0&category=15,5,1,20,19 (Caused by ConnectTimeoutError(<urllib3.connection.VerifiedHTTPSConnection object at 0x7f617f066f90>, 'Connection to ilcorsaronero.info timed out. (connect timeout=30)'))
2018-02-01 03:10:15 INFO     SEARCHQUEUE-BACKLOG-121361 :: [ilCorsaroNero] :: Request failed: HTTPSConnectionPool(host='ilcorsaronero.info', port=443): Max retries exceeded with url: /advsearch.php?search=Game%20of%20Thrones%20S01E09&order=data&by=DESC&page=1&category=15,5,1,20,19 (Caused by ConnectTimeoutError(<urllib3.connection.VerifiedHTTPSConnection object at 0x7f617e98df50>, 'Connection to ilcorsaronero.info timed out. (connect timeout=30)'))
2018-02-01 03:10:19 INFO     POSTPROCESSOR :: Auto post processing task for /downloads/complete was added to the queue
2018-02-01 03:10:21 INFO     POSTPROCESSOR-AUTO :: Beginning auto post processing task: /downloads/complete
2018-02-01 03:10:21 INFO     POSTPROCESSOR-AUTO :: Processing /downloads/complete
2018-02-01 03:10:21 INFO     POSTPROCESSOR-AUTO :: Successfully processed
2018-02-01 03:10:21 INFO     POSTPROCESSOR-AUTO :: Auto post processing task for /downloads/complete completed
2018-02-01 03:10:46 INFO     SEARCHQUEUE-BACKLOG-121361 :: [ilCorsaroNero] :: Request failed: HTTPSConnectionPool(host='ilcorsaronero.info', port=443): Max retries exceeded with url: /advsearch.php?search=Game%20of%20Thrones%20S01E09&order=data&by=DESC&page=2&category=15,5,1,20,19 (Caused by ConnectTimeoutError(<urllib3.connection.VerifiedHTTPSConnection object at 0x7f617f066f90>, 'Connection to ilcorsaronero.info timed out. (connect timeout=30)'))
2018-02-01 03:11:16 INFO     SEARCHQUEUE-BACKLOG-121361 :: [ilCorsaroNero] :: Request failed: HTTPSConnectionPool(host='ilcorsaronero.info', port=443): Max retries exceeded with url: /advsearch.php?search=Game%20of%20Thrones%20S01E09&order=data&by=DESC&page=3&category=15,5,1,20,19 (Caused by ConnectTimeoutError(<urllib3.connection.VerifiedHTTPSConnection object at 0x7f617e98df50>, 'Connection to ilcorsaronero.info timed out. (connect timeout=30)'))
2018-02-01 03:11:46 INFO     SEARCHQUEUE-BACKLOG-121361 :: [ilCorsaroNero] :: Request failed: HTTPSConnectionPool(host='ilcorsaronero.info', port=443): Max retries exceeded with url: /advsearch.php?search=Game%20of%20Thrones%20S01E09&order=data&by=DESC&page=4&category=15,5,1,20,19 (Caused by ConnectTimeoutError(<urllib3.connection.VerifiedHTTPSConnection object at 0x7f617f066f90>, 'Connection to ilcorsaronero.info timed out. (connect timeout=30)'))
2018-02-01 03:12:16 INFO     SEARCHQUEUE-BACKLOG-121361 :: [ilCorsaroNero] :: Request failed: HTTPSConnectionPool(host='ilcorsaronero.info', port=443): Max retries exceeded with url: /advsearch.php?search=Game%20of%20Thrones%20S01E09&order=data&by=DESC&page=5&category=15,5,1,20,19 (Caused by ConnectTimeoutError(<urllib3.connection.VerifiedHTTPSConnection object at 0x7f617e98df50>, 'Connection to ilcorsaronero.info timed out. (connect timeout=30)'))
2018-02-01 03:12:46 INFO     SEARCHQUEUE-BACKLOG-121361 :: [ilCorsaroNero] :: Request failed: HTTPSConnectionPool(host='ilcorsaronero.info', port=443): Max retries exceeded with url: /advsearch.php?search=Game%20of%20Thrones%20S01E09&order=data&by=DESC&page=6&category=15,5,1,20,19 (Caused by ConnectTimeoutError(<urllib3.connection.VerifiedHTTPSConnection object at 0x7f617f066f90>, 'Connection to ilcorsaronero.info timed out. (connect timeout=30)'))
